This file contains any messages produced by compilers while
running configure, to aid debugging if configure makes a mistake.

It was created by FULL-PACKAGE-NAME configure VERSION, which was
generated by GNU Autoconf 2.63.  Invocation command line was

  $ ./configure 

## --------- ##
## Platform. ##
## --------- ##

hostname = neusoft-desktop
uname -m = i686
uname -r = 2.6.28-11-generic
uname -s = Linux
uname -v = #42-Ubuntu SMP Fri Apr 17 01:57:59 UTC 2009

/usr/bin/uname -p = unknown
/bin/uname -X     = unknown

/bin/arch              = unknown
/usr/bin/arch -k       = unknown
/usr/convex/getsysinfo = unknown
/usr/bin/hostinfo      = unknown
/bin/machine           = unknown
/usr/bin/oslevel       = unknown
/bin/universe          = unknown

PATH: /usr/local/sbin
PATH: /usr/local/bin
PATH: /usr/sbin
PATH: /usr/bin
PATH: /sbin
PATH: /bin
PATH: /usr/games
PATH: /lib


## ----------- ##
## Core tests. ##
## ----------- ##

configure:1873: checking for a BSD-compatible install
configure:1941: result: /usr/bin/install -c
configure:1952: checking whether build environment is sane
configure:1995: result: yes
configure:2020: checking for a thread-safe mkdir -p
configure:2059: result: /bin/mkdir -p
configure:2072: checking for gawk
configure:2102: result: no
configure:2072: checking for mawk
configure:2088: found /usr/bin/mawk
configure:2099: result: mawk
configure:2110: checking whether make sets $(MAKE)
configure:2132: result: yes
configure:2365: checking for gcc
configure:2381: found /usr/bin/gcc
configure:2392: result: gcc
configure:2624: checking for C compiler version
configure:2632: gcc --version >&5
gcc (GCC) 4.1.3 20080623 (prerelease) (Ubuntu 4.1.2-24ubuntu1)
Copyright (C) 2006 Free Software Foundation, Inc.
This is free software; see the source for copying conditions.  There is NO
warranty; not even for MERCHANTABILITY or FITNESS FOR A PARTICULAR PURPOSE.

configure:2636: $? = 0
configure:2643: gcc -v >&5
Using built-in specs.
Target: i486-linux-gnu
Configured with: ../src/configure -v --enable-languages=c,c++ --prefix=/usr --enable-shared --with-system-zlib --libexecdir=/usr/lib --without-included-gettext --enable-threads=posix --enable-nls --with-gxx-include-dir=/usr/include/c++/4.1.3 --program-suffix=-4.1 --enable-__cxa_atexit --enable-clocale=gnu --enable-libstdcxx-debug --enable-checking=release i486-linux-gnu
Thread model: posix
gcc version 4.1.3 20080623 (prerelease) (Ubuntu 4.1.2-24ubuntu1)
configure:2647: $? = 0
configure:2654: gcc -V >&5
gcc: '-V' option must have argument
configure:2658: $? = 1
configure:2681: checking for C compiler default output file name
configure:2703: gcc    conftest.c  >&5
configure:2707: $? = 0
configure:2745: result: a.out
configure:2764: checking whether the C compiler works
configure:2774: ./a.out
configure:2778: $? = 0
configure:2797: result: yes
configure:2804: checking whether we are cross compiling
configure:2806: result: no
configure:2809: checking for suffix of executables
configure:2816: gcc -o conftest    conftest.c  >&5
configure:2820: $? = 0
configure:2846: result: 
configure:2852: checking for suffix of object files
configure:2878: gcc -c   conftest.c >&5
configure:2882: $? = 0
configure:2907: result: o
configure:2911: checking whether we are using the GNU C compiler
configure:2940: gcc -c   conftest.c >&5
configure:2947: $? = 0
configure:2964: result: yes
configure:2973: checking whether gcc accepts -g
configure:3003: gcc -c -g  conftest.c >&5
configure:3010: $? = 0
configure:3111: result: yes
configure:3128: checking for gcc option to accept ISO C89
configure:3202: gcc  -c -g -O2  conftest.c >&5
configure:3209: $? = 0
configure:3232: result: none needed
configure:3261: checking for style of include used by make
configure:3289: result: GNU
configure:3314: checking dependency style of gcc
configure:3405: result: gcc3
configure:3420: checking whether make sets $(MAKE)
configure:3442: result: yes
configure:3461: checking how to run the C preprocessor
configure:3501: gcc -E  conftest.c
configure:3508: $? = 0
configure:3539: gcc -E  conftest.c
conftest.c:10:28: error: ac_nonexistent.h: No such file or directory
configure:3546: $? = 1
configure: failed program was:
| /* confdefs.h.  */
| #define PACKAGE_NAME "FULL-PACKAGE-NAME"
| #define PACKAGE_TARNAME "full-package-name"
| #define PACKAGE_VERSION "VERSION"
| #define PACKAGE_STRING "FULL-PACKAGE-NAME VERSION"
| #define PACKAGE_BUGREPORT "BUG-REPORT-ADDRESS"
| #define PACKAGE "full-package-name"
| #define VERSION "VERSION"
| /* end confdefs.h.  */
| #include <ac_nonexistent.h>
configure:3579: result: gcc -E
configure:3608: gcc -E  conftest.c
configure:3615: $? = 0
configure:3646: gcc -E  conftest.c
conftest.c:10:28: error: ac_nonexistent.h: No such file or directory
configure:3653: $? = 1
configure: failed program was:
| /* confdefs.h.  */
| #define PACKAGE_NAME "FULL-PACKAGE-NAME"
| #define PACKAGE_TARNAME "full-package-name"
| #define PACKAGE_VERSION "VERSION"
| #define PACKAGE_STRING "FULL-PACKAGE-NAME VERSION"
| #define PACKAGE_BUGREPORT "BUG-REPORT-ADDRESS"
| #define PACKAGE "full-package-name"
| #define VERSION "VERSION"
| /* end confdefs.h.  */
| #include <ac_nonexistent.h>
configure:3693: checking for grep that handles long lines and -e
configure:3753: result: /bin/grep
configure:3758: checking for egrep
configure:3822: result: /bin/grep -E
configure:3827: checking for ANSI C header files
configure:3857: gcc -c -g -O2  conftest.c >&5
configure:3864: $? = 0
configure:3963: gcc -o conftest -g -O2   conftest.c  >&5
configure:3967: $? = 0
configure:3973: ./conftest
configure:3977: $? = 0
configure:3995: result: yes
configure:4019: checking for sys/types.h
configure:4040: gcc -c -g -O2  conftest.c >&5
configure:4047: $? = 0
configure:4064: result: yes
configure:4019: checking for sys/stat.h
configure:4040: gcc -c -g -O2  conftest.c >&5
configure:4047: $? = 0
configure:4064: result: yes
configure:4019: checking for stdlib.h
configure:4040: gcc -c -g -O2  conftest.c >&5
configure:4047: $? = 0
configure:4064: result: yes
configure:4019: checking for string.h
configure:4040: gcc -c -g -O2  conftest.c >&5
configure:4047: $? = 0
configure:4064: result: yes
configure:4019: checking for memory.h
configure:4040: gcc -c -g -O2  conftest.c >&5
configure:4047: $? = 0
configure:4064: result: yes
configure:4019: checking for strings.h
configure:4040: gcc -c -g -O2  conftest.c >&5
configure:4047: $? = 0
configure:4064: result: yes
configure:4019: checking for inttypes.h
configure:4040: gcc -c -g -O2  conftest.c >&5
configure:4047: $? = 0
configure:4064: result: yes
configure:4019: checking for stdint.h
configure:4040: gcc -c -g -O2  conftest.c >&5
configure:4047: $? = 0
configure:4064: result: yes
configure:4019: checking for unistd.h
configure:4040: gcc -c -g -O2  conftest.c >&5
configure:4047: $? = 0
configure:4064: result: yes
configure:4101: checking arpa/inet.h usability
configure:4118: gcc -c -g -O2  conftest.c >&5
configure:4125: $? = 0
configure:4139: result: yes
configure:4143: checking arpa/inet.h presence
configure:4158: gcc -E  conftest.c
configure:4165: $? = 0
configure:4179: result: yes
configure:4212: checking for arpa/inet.h
configure:4221: result: yes
configure:4101: checking malloc.h usability
configure:4118: gcc -c -g -O2  conftest.c >&5
configure:4125: $? = 0
configure:4139: result: yes
configure:4143: checking malloc.h presence
configure:4158: gcc -E  conftest.c
configure:4165: $? = 0
configure:4179: result: yes
configure:4212: checking for malloc.h
configure:4221: result: yes
configure:4101: checking netdb.h usability
configure:4118: gcc -c -g -O2  conftest.c >&5
configure:4125: $? = 0
configure:4139: result: yes
configure:4143: checking netdb.h presence
configure:4158: gcc -E  conftest.c
configure:4165: $? = 0
configure:4179: result: yes
configure:4212: checking for netdb.h
configure:4221: result: yes
configure:4101: checking netinet/in.h usability
configure:4118: gcc -c -g -O2  conftest.c >&5
configure:4125: $? = 0
configure:4139: result: yes
configure:4143: checking netinet/in.h presence
configure:4158: gcc -E  conftest.c
configure:4165: $? = 0
configure:4179: result: yes
configure:4212: checking for netinet/in.h
configure:4221: result: yes
configure:4090: checking for stdlib.h
configure:4097: result: yes
configure:4090: checking for string.h
configure:4097: result: yes
configure:4101: checking sys/socket.h usability
configure:4118: gcc -c -g -O2  conftest.c >&5
configure:4125: $? = 0
configure:4139: result: yes
configure:4143: checking sys/socket.h presence
configure:4158: gcc -E  conftest.c
configure:4165: $? = 0
configure:4179: result: yes
configure:4212: checking for sys/socket.h
configure:4221: result: yes
configure:4090: checking for unistd.h
configure:4097: result: yes
configure:4245: checking for stdlib.h
configure:4252: result: yes
configure:4391: checking for GNU libc compatible malloc
configure:4425: gcc -o conftest -g -O2   conftest.c  >&5
configure:4429: $? = 0
configure:4435: ./conftest
configure:4439: $? = 0
configure:4456: result: yes
configure:4491: checking for bzero
configure:4547: gcc -o conftest -g -O2   conftest.c  >&5
conftest.c:53: warning: conflicting types for built-in function 'bzero'
configure:4554: $? = 0
configure:4576: result: yes
configure:4491: checking for inet_ntoa
configure:4547: gcc -o conftest -g -O2   conftest.c  >&5
configure:4554: $? = 0
configure:4576: result: yes
configure:4491: checking for memset
configure:4547: gcc -o conftest -g -O2   conftest.c  >&5
conftest.c:55: warning: conflicting types for built-in function 'memset'
configure:4554: $? = 0
configure:4576: result: yes
configure:4491: checking for socket
configure:4547: gcc -o conftest -g -O2   conftest.c  >&5
configure:4554: $? = 0
configure:4576: result: yes
configure:4707: creating ./config.status

## ---------------------- ##
## Running config.status. ##
## ---------------------- ##

This file was extended by FULL-PACKAGE-NAME config.status VERSION, which was
generated by GNU Autoconf 2.63.  Invocation command line was

  CONFIG_FILES    = 
  CONFIG_HEADERS  = 
  CONFIG_LINKS    = 
  CONFIG_COMMANDS = 
  $ ./config.status 

on neusoft-desktop

config.status:783: creating Makefile
config.status:783: creating config.h
config.status:1005: config.h is unchanged
config.status:1057: executing depfiles commands

## ---------------- ##
## Cache variables. ##
## ---------------- ##

ac_cv_c_compiler_gnu=yes
ac_cv_env_CC_set=
ac_cv_env_CC_value=
ac_cv_env_CFLAGS_set=
ac_cv_env_CFLAGS_value=
ac_cv_env_CPPFLAGS_set=
ac_cv_env_CPPFLAGS_value=
ac_cv_env_CPP_set=
ac_cv_env_CPP_value=
ac_cv_env_LDFLAGS_set=
ac_cv_env_LDFLAGS_value=
ac_cv_env_LIBS_set=
ac_cv_env_LIBS_value=
ac_cv_env_build_alias_set=
ac_cv_env_build_alias_value=
ac_cv_env_host_alias_set=
ac_cv_env_host_alias_value=
ac_cv_env_target_alias_set=
ac_cv_env_target_alias_value=
ac_cv_func_bzero=yes
ac_cv_func_inet_ntoa=yes
ac_cv_func_malloc_0_nonnull=yes
ac_cv_func_memset=yes
ac_cv_func_socket=yes
ac_cv_header_arpa_inet_h=yes
ac_cv_header_inttypes_h=yes
ac_cv_header_malloc_h=yes
ac_cv_header_memory_h=yes
ac_cv_header_netdb_h=yes
ac_cv_header_netinet_in_h=yes
ac_cv_header_stdc=yes
ac_cv_header_stdint_h=yes
ac_cv_header_stdlib_h=yes
ac_cv_header_string_h=yes
ac_cv_header_strings_h=yes
ac_cv_header_sys_socket_h=yes
ac_cv_header_sys_stat_h=yes
ac_cv_header_sys_types_h=yes
ac_cv_header_unistd_h=yes
ac_cv_objext=o
ac_cv_path_EGREP='/bin/grep -E'
ac_cv_path_GREP=/bin/grep
ac_cv_path_install='/usr/bin/install -c'
ac_cv_path_mkdir=/bin/mkdir
ac_cv_prog_AWK=mawk
ac_cv_prog_CPP='gcc -E'
ac_cv_prog_ac_ct_CC=gcc
ac_cv_prog_cc_c89=
ac_cv_prog_cc_g=yes
ac_cv_prog_make_make_set=yes
am_cv_CC_dependencies_compiler_type=gcc3

## ----------------- ##
## Output variables. ##
## ----------------- ##

ACLOCAL='${SHELL} /home/neusoft/project/bbq_test/missing --run aclocal-1.10'
AMDEPBACKSLASH='\'
AMDEP_FALSE='#'
AMDEP_TRUE=''
AMTAR='${SHELL} /home/neusoft/project/bbq_test/missing --run tar'
AUTOCONF='${SHELL} /home/neusoft/project/bbq_test/missing --run autoconf'
AUTOHEADER='${SHELL} /home/neusoft/project/bbq_test/missing --run autoheader'
AUTOMAKE='${SHELL} /home/neusoft/project/bbq_test/missing --run automake-1.10'
AWK='mawk'
CC='gcc'
CCDEPMODE='depmode=gcc3'
CFLAGS='-g -O2'
CPP='gcc -E'
CPPFLAGS=''
CYGPATH_W='echo'
DEFS='-DHAVE_CONFIG_H'
DEPDIR='.deps'
ECHO_C=''
ECHO_N='-n'
ECHO_T=''
EGREP='/bin/grep -E'
EXEEXT=''
GREP='/bin/grep'
INSTALL_DATA='${INSTALL} -m 644'
INSTALL_PROGRAM='${INSTALL}'
INSTALL_SCRIPT='${INSTALL}'
INSTALL_STRIP_PROGRAM='$(install_sh) -c -s'
LDFLAGS=''
LIBOBJS=''
LIBS=''
LTLIBOBJS=''
MAKEINFO='${SHELL} /home/neusoft/project/bbq_test/missing --run makeinfo'
MKDIR_P='/bin/mkdir -p'
OBJEXT='o'
PACKAGE='full-package-name'
PACKAGE_BUGREPORT='BUG-REPORT-ADDRESS'
PACKAGE_NAME='FULL-PACKAGE-NAME'
PACKAGE_STRING='FULL-PACKAGE-NAME VERSION'
PACKAGE_TARNAME='full-package-name'
PACKAGE_VERSION='VERSION'
PATH_SEPARATOR=':'
SET_MAKE=''
SHELL='/bin/bash'
STRIP=''
VERSION='VERSION'
ac_ct_CC='gcc'
am__fastdepCC_FALSE='#'
am__fastdepCC_TRUE=''
am__include='include'
am__isrc=''
am__leading_dot='.'
am__quote=''
am__tar='${AMTAR} chof - "$$tardir"'
am__untar='${AMTAR} xf -'
bindir='${exec_prefix}/bin'
build_alias=''
datadir='${datarootdir}'
datarootdir='${prefix}/share'
docdir='${datarootdir}/doc/${PACKAGE_TARNAME}'
dvidir='${docdir}'
exec_prefix='${prefix}'
host_alias=''
htmldir='${docdir}'
includedir='${prefix}/include'
infodir='${datarootdir}/info'
install_sh='$(SHELL) /home/neusoft/project/bbq_test/install-sh'
libdir='${exec_prefix}/lib'
libexecdir='${exec_prefix}/libexec'
localedir='${datarootdir}/locale'
localstatedir='${prefix}/var'
mandir='${datarootdir}/man'
mkdir_p='/bin/mkdir -p'
oldincludedir='/usr/include'
pdfdir='${docdir}'
prefix='/usr/local'
program_transform_name='s,x,x,'
psdir='${docdir}'
sbindir='${exec_prefix}/sbin'
sharedstatedir='${prefix}/com'
sysconfdir='${prefix}/etc'
target_alias=''

## ----------- ##
## confdefs.h. ##
## ----------- ##

#define PACKAGE_NAME "FULL-PACKAGE-NAME"
#define PACKAGE_TARNAME "full-package-name"
#define PACKAGE_VERSION "VERSION"
#define PACKAGE_STRING "FULL-PACKAGE-NAME VERSION"
#define PACKAGE_BUGREPORT "BUG-REPORT-ADDRESS"
#define PACKAGE "full-package-name"
#define VERSION "VERSION"
#define STDC_HEADERS 1
#define HAVE_SYS_TYPES_H 1
#define HAVE_SYS_STAT_H 1
#define HAVE_STDLIB_H 1
#define HAVE_STRING_H 1
#define HAVE_MEMORY_H 1
#define HAVE_STRINGS_H 1
#define HAVE_INTTYPES_H 1
#define HAVE_STDINT_H 1
#define HAVE_UNISTD_H 1
#define HAVE_ARPA_INET_H 1
#define HAVE_MALLOC_H 1
#define HAVE_NETDB_H 1
#define HAVE_NETINET_IN_H 1
#define HAVE_STDLIB_H 1
#define HAVE_STRING_H 1
#define HAVE_SYS_SOCKET_H 1
#define HAVE_UNISTD_H 1
#define HAVE_STDLIB_H 1
#define HAVE_MALLOC 1
#define HAVE_BZERO 1
#define HAVE_INET_NTOA 1
#define HAVE_MEMSET 1
#define HAVE_SOCKET 1

configure: exit 0
